{"action":"auth.login","userId":"user_ashu","ok":true,"route":"/api/auth/login","at":"2026-02-19T05:15:18.786Z"}
{"action":"ai.advice","userId":"::1","ok":true,"route":"/api/ai/advice","detail":"budget_fallback","at":"2026-02-19T05:55:23.059Z"}
{"action":"ai.advice","userId":"::1","ok":true,"route":"/api/ai/advice","detail":"budget_fallback","at":"2026-02-20T05:44:05.351Z"}
{"action":"galaxy.analyze","userId":"::1","ok":true,"route":"/api/galaxy/analyze","detail":"fallback_no_key","at":"2026-02-20T07:20:23.947Z"}
{"action":"scans.history.write","userId":"user_ashu","ok":true,"route":"/api/scans/history","at":"2026-02-20T07:20:27.717Z"}
{"action":"ai.advice","userId":"::1","ok":true,"route":"/api/ai/advice","detail":"budget_fallback","at":"2026-02-20T07:20:28.694Z"}
{"action":"ai.advice","userId":"::1","ok":true,"route":"/api/ai/advice","detail":"budget_fallback","at":"2026-02-20T07:20:28.695Z"}
{"action":"ai.advice","userId":"::1","ok":true,"route":"/api/ai/advice","detail":"budget_fallback","at":"2026-02-20T07:24:16.709Z"}
{"action":"ai.advice","userId":"::1","ok":true,"route":"/api/ai/advice","detail":"budget_fallback","at":"2026-02-20T07:24:16.709Z"}
{"action":"ai.advice","userId":"::1","ok":true,"route":"/api/ai/advice","detail":"budget_fallback","at":"2026-02-20T08:19:35.626Z"}
{"action":"ai.advice","userId":"::1","ok":true,"route":"/api/ai/advice","detail":"budget_fallback","at":"2026-02-20T08:19:35.626Z"}
{"action":"ai.advice","userId":"::1","ok":true,"route":"/api/ai/advice","detail":"budget_fallback","at":"2026-02-20T11:17:23.332Z"}
{"action":"ai.advice","userId":"::1","ok":true,"route":"/api/ai/advice","detail":"budget_fallback","at":"2026-02-20T11:17:23.332Z"}
{"action":"ai.advice","userId":"::1","ok":true,"route":"/api/ai/advice","detail":"budget_fallback","at":"2026-02-21T23:44:41.419Z"}
{"action":"ai.advice","userId":"::1","ok":true,"route":"/api/ai/advice","detail":"budget_fallback","at":"2026-02-21T23:44:41.420Z"}
{"action":"ai.advice","userId":"::1","ok":true,"route":"/api/ai/advice","detail":"budget_fallback","at":"2026-02-21T23:56:34.036Z"}
{"action":"ai.advice","userId":"::1","ok":true,"route":"/api/ai/advice","detail":"budget_fallback","at":"2026-02-21T23:56:34.035Z"}
{"action":"ai.advice","userId":"::1","ok":true,"route":"/api/ai/advice","detail":"budget_fallback","at":"2026-02-22T00:01:28.763Z"}
{"action":"ai.advice","userId":"::1","ok":true,"route":"/api/ai/advice","detail":"budget_fallback","at":"2026-02-22T00:01:28.764Z"}
{"action":"ai.advice","userId":"::1","ok":true,"route":"/api/ai/advice","detail":"budget_fallback","at":"2026-02-22T00:15:31.287Z"}
{"action":"ai.advice","userId":"::1","ok":true,"route":"/api/ai/advice","detail":"budget_fallback","at":"2026-02-22T00:15:31.287Z"}
{"action":"ai.advice","userId":"::1","ok":true,"route":"/api/ai/advice","detail":"budget_fallback","at":"2026-02-22T00:16:24.142Z"}
{"action":"ai.advice","userId":"::1","ok":true,"route":"/api/ai/advice","detail":"budget_fallback","at":"2026-02-22T00:16:24.491Z"}
{"action":"ai.advice","userId":"::1","ok":true,"route":"/api/ai/advice","detail":"budget_fallback","at":"2026-02-22T00:47:39.718Z"}
{"action":"ai.advice","userId":"::1","ok":true,"route":"/api/ai/advice","detail":"budget_fallback","at":"2026-02-22T00:47:39.719Z"}
{"action":"ai.advice","userId":"::1","ok":true,"route":"/api/ai/advice","detail":"budget_fallback","at":"2026-02-22T01:37:45.088Z"}
{"action":"ai.advice","userId":"::1","ok":true,"route":"/api/ai/advice","detail":"budget_fallback","at":"2026-02-22T01:37:45.088Z"}
{"action":"ai.advice","userId":"::1","ok":true,"route":"/api/ai/advice","detail":"budget_fallback","at":"2026-02-22T01:38:42.860Z"}
{"action":"ai.advice","userId":"::1","ok":true,"route":"/api/ai/advice","detail":"budget_fallback","at":"2026-02-22T01:38:43.086Z"}
{"action":"ai.advice","userId":"::1","ok":true,"route":"/api/ai/advice","detail":"budget_fallback","at":"2026-02-22T02:10:24.377Z"}
{"action":"ai.advice","userId":"::1","ok":true,"route":"/api/ai/advice","detail":"budget_fallback","at":"2026-02-22T02:10:24.378Z"}
{"action":"ai.advice","userId":"::1","ok":true,"route":"/api/ai/advice","detail":"budget_fallback","at":"2026-02-22T02:19:53.875Z"}
{"action":"ai.advice","userId":"::1","ok":true,"route":"/api/ai/advice","detail":"budget_fallback","at":"2026-02-22T02:19:53.875Z"}
{"action":"auth.login","userId":"user_ashu","ok":true,"route":"/api/auth/login","at":"2026-02-22T04:58:03.946Z"}
{"action":"ai.advice","userId":"::1","ok":true,"route":"/api/ai/advice","detail":"budget_fallback","at":"2026-02-22T05:23:51.991Z"}
{"action":"ai.advice","userId":"::1","ok":true,"route":"/api/ai/advice","detail":"budget_fallback","at":"2026-02-22T05:23:51.992Z"}
{"action":"ai.advice","userId":"::1","ok":true,"route":"/api/ai/advice","detail":"budget_fallback","at":"2026-02-22T05:34:29.379Z"}
{"action":"ai.advice","userId":"::1","ok":true,"route":"/api/ai/advice","detail":"budget_fallback","at":"2026-02-22T05:34:29.379Z"}
{"action":"galaxy.analyze","userId":"::1","ok":true,"route":"/api/galaxy/analyze","detail":"fallback_no_key","at":"2026-02-26T08:23:37.529Z"}
{"action":"scans.history.write","userId":"user_ashu","ok":true,"route":"/api/scans/history","at":"2026-02-26T08:23:39.816Z"}
{"action":"auth.login","userId":"user_vxcvx","ok":true,"route":"/api/auth/login","at":"2026-03-01T13:20:31.439Z"}
